<?xml version="1.0" encoding="UTF-8"?>
<!-- Generated by org.testng.reporters.JUnitReportReporter -->
<testsuite hostname="PSL-FK57XM3" failures="0" tests="1" name="test.APITest1" time="1.176" errors="0" timestamp="2023-08-29T19:05:37 IST" skipped="0">
  <testcase classname="test.APITest1" name="T01_StatusCodeAndGetClientsTest" time="1.176"/>
  <system-out/>
</testsuite> <!-- test.APITest1 -->
